Traceback (most recent call last):
  File "/Users/skojaku-admin/miniforge3/envs/advnetsci/lib/python3.11/site-packages/jupyter_cache/executors/utils.py", line 58, in single_nb_execution
    executenb(
  File "/Users/skojaku-admin/miniforge3/envs/advnetsci/lib/python3.11/site-packages/nbclient/client.py", line 1305, in execute
    return NotebookClient(nb=nb, resources=resources, km=km, **kwargs).execute()
           ^^^^^^^^^^^^^^^^^^^^^^^^^^^^^^^^^^^^^^^^^^^^^^^^^^^^^^^^^^^^^^^^^^^^^
  File "/Users/skojaku-admin/miniforge3/envs/advnetsci/lib/python3.11/site-packages/jupyter_core/utils/__init__.py", line 165, in wrapped
    return loop.run_until_complete(inner)
           ^^^^^^^^^^^^^^^^^^^^^^^^^^^^^^
  File "/Users/skojaku-admin/miniforge3/envs/advnetsci/lib/python3.11/asyncio/base_events.py", line 650, in run_until_complete
    return future.result()
           ^^^^^^^^^^^^^^^
  File "/Users/skojaku-admin/miniforge3/envs/advnetsci/lib/python3.11/contextlib.py", line 222, in __aexit__
    await self.gen.athrow(typ, value, traceback)
  File "/Users/skojaku-admin/miniforge3/envs/advnetsci/lib/python3.11/site-packages/nbclient/client.py", line 650, in async_setup_kernel
    yield
  File "/Users/skojaku-admin/miniforge3/envs/advnetsci/lib/python3.11/site-packages/nbclient/client.py", line 705, in async_execute
    await self.async_execute_cell(
  File "/Users/skojaku-admin/miniforge3/envs/advnetsci/lib/python3.11/site-packages/nbclient/client.py", line 1058, in async_execute_cell
    await self._check_raise_for_error(cell, cell_index, exec_reply)
  File "/Users/skojaku-admin/miniforge3/envs/advnetsci/lib/python3.11/site-packages/nbclient/client.py", line 914, in _check_raise_for_error
    raise CellExecutionError.from_cell_and_msg(cell, exec_reply_content)
nbclient.exceptions.CellExecutionError: An error occurred while executing the following cell:
------------------
# Convert the block assignments to a list
community_membership = b.get_array()

# Create a color palette
import matplotlib.pyplot as plt
import seaborn as sns
palette = sns.color_palette().as_hex()
print(community_membership)
# Plot the graph with nodes colored by their community
fig, ax = plt.subplots(figsize=(10, 8))
igraph.plot(
    g,
    target=ax,
    vertex_color=[palette[i] for i in community_membership],
)
plt.axis('off')
plt.tight_layout()
plt.show()
------------------

----- stdout -----
[ 0  2  2  2 11 11 11  8  8  8 11  8  8  8  8  8 11  8  8  8  8  8  8  8
  8  8  8  8  8  8  8  8  0  0]
------------------

[0;31m---------------------------------------------------------------------------[0m
[0;31mIndexError[0m                                Traceback (most recent call last)
Cell [0;32mIn[8], line 14[0m
[1;32m      9[0m [38;5;66;03m# Plot the graph with nodes colored by their community[39;00m
[1;32m     10[0m fig, ax [38;5;241m=[39m plt[38;5;241m.[39msubplots(figsize[38;5;241m=[39m([38;5;241m10[39m, [38;5;241m8[39m))
[1;32m     11[0m igraph[38;5;241m.[39mplot(
[1;32m     12[0m     g,
[1;32m     13[0m     target[38;5;241m=[39max,
[0;32m---> 14[0m     vertex_color[38;5;241m=[39m[palette[i] [38;5;28;01mfor[39;00m i [38;5;129;01min[39;00m community_membership],
[1;32m     15[0m )
[1;32m     16[0m plt[38;5;241m.[39maxis([38;5;124m'[39m[38;5;124moff[39m[38;5;124m'[39m)
[1;32m     17[0m plt[38;5;241m.[39mtight_layout()

Cell [0;32mIn[8], line 14[0m, in [0;36m<listcomp>[0;34m(.0)[0m
[1;32m      9[0m [38;5;66;03m# Plot the graph with nodes colored by their community[39;00m
[1;32m     10[0m fig, ax [38;5;241m=[39m plt[38;5;241m.[39msubplots(figsize[38;5;241m=[39m([38;5;241m10[39m, [38;5;241m8[39m))
[1;32m     11[0m igraph[38;5;241m.[39mplot(
[1;32m     12[0m     g,
[1;32m     13[0m     target[38;5;241m=[39max,
[0;32m---> 14[0m     vertex_color[38;5;241m=[39m[palette[i] [38;5;28;01mfor[39;00m i [38;5;129;01min[39;00m community_membership],
[1;32m     15[0m )
[1;32m     16[0m plt[38;5;241m.[39maxis([38;5;124m'[39m[38;5;124moff[39m[38;5;124m'[39m)
[1;32m     17[0m plt[38;5;241m.[39mtight_layout()

[0;31mIndexError[0m: list index out of range

