Traceback (most recent call last):
  File "/Users/skojaku-admin/miniforge3/envs/advnetsci/lib/python3.11/site-packages/jupyter_cache/executors/utils.py", line 58, in single_nb_execution
    executenb(
  File "/Users/skojaku-admin/miniforge3/envs/advnetsci/lib/python3.11/site-packages/nbclient/client.py", line 1305, in execute
    return NotebookClient(nb=nb, resources=resources, km=km, **kwargs).execute()
           ^^^^^^^^^^^^^^^^^^^^^^^^^^^^^^^^^^^^^^^^^^^^^^^^^^^^^^^^^^^^^^^^^^^^^
  File "/Users/skojaku-admin/miniforge3/envs/advnetsci/lib/python3.11/site-packages/jupyter_core/utils/__init__.py", line 165, in wrapped
    return loop.run_until_complete(inner)
           ^^^^^^^^^^^^^^^^^^^^^^^^^^^^^^
  File "/Users/skojaku-admin/miniforge3/envs/advnetsci/lib/python3.11/asyncio/base_events.py", line 650, in run_until_complete
    return future.result()
           ^^^^^^^^^^^^^^^
  File "/Users/skojaku-admin/miniforge3/envs/advnetsci/lib/python3.11/contextlib.py", line 222, in __aexit__
    await self.gen.athrow(typ, value, traceback)
  File "/Users/skojaku-admin/miniforge3/envs/advnetsci/lib/python3.11/site-packages/nbclient/client.py", line 650, in async_setup_kernel
    yield
  File "/Users/skojaku-admin/miniforge3/envs/advnetsci/lib/python3.11/site-packages/nbclient/client.py", line 705, in async_execute
    await self.async_execute_cell(
  File "/Users/skojaku-admin/miniforge3/envs/advnetsci/lib/python3.11/site-packages/nbclient/client.py", line 1058, in async_execute_cell
    await self._check_raise_for_error(cell, cell_index, exec_reply)
  File "/Users/skojaku-admin/miniforge3/envs/advnetsci/lib/python3.11/site-packages/nbclient/client.py", line 914, in _check_raise_for_error
    raise CellExecutionError.from_cell_and_msg(cell, exec_reply_content)
nbclient.exceptions.CellExecutionError: An error occurred while executing the following cell:
------------------
import numpy as np
import networkx as nx
import matplotlib.pyplot as plt
import seaborn as sns

# Create a small example network
G = nx.karate_club_graph()
A = nx.adjacency_matrix(G).toarray()
labels = np.unique([d[1]['club'] for d in G.nodes(data=True)], return_inverse=True)[1]
cmap = sns.color_palette()
nx.draw(G, with_labels=False, node_color=labels, cmap=cmap)
------------------


[0;31m---------------------------------------------------------------------------[0m
[0;31mTypeError[0m                                 Traceback (most recent call last)
Cell [0;32mIn[1], line 11[0m
[1;32m      9[0m labels [38;5;241m=[39m np[38;5;241m.[39munique([d[[38;5;241m1[39m][[38;5;124m'[39m[38;5;124mclub[39m[38;5;124m'[39m] [38;5;28;01mfor[39;00m d [38;5;129;01min[39;00m G[38;5;241m.[39mnodes(data[38;5;241m=[39m[38;5;28;01mTrue[39;00m)], return_inverse[38;5;241m=[39m[38;5;28;01mTrue[39;00m)[[38;5;241m1[39m]
[1;32m     10[0m cmap [38;5;241m=[39m sns[38;5;241m.[39mcolor_palette()
[0;32m---> 11[0m nx[38;5;241m.[39mdraw(G, with_labels[38;5;241m=[39m[38;5;28;01mFalse[39;00m, node_color[38;5;241m=[39mlabels, cmap[38;5;241m=[39mcmap)

File [0;32m~/miniforge3/envs/advnetsci/lib/python3.11/site-packages/networkx/drawing/nx_pylab.py:123[0m, in [0;36mdraw[0;34m(G, pos, ax, **kwds)[0m
[1;32m    120[0m [38;5;28;01mif[39;00m [38;5;124m"[39m[38;5;124mwith_labels[39m[38;5;124m"[39m [38;5;129;01mnot[39;00m [38;5;129;01min[39;00m kwds:
[1;32m    121[0m     kwds[[38;5;124m"[39m[38;5;124mwith_labels[39m[38;5;124m"[39m] [38;5;241m=[39m [38;5;124m"[39m[38;5;124mlabels[39m[38;5;124m"[39m [38;5;129;01min[39;00m kwds
[0;32m--> 123[0m draw_networkx(G, pos[38;5;241m=[39mpos, ax[38;5;241m=[39max, [38;5;241m*[39m[38;5;241m*[39mkwds)
[1;32m    124[0m ax[38;5;241m.[39mset_axis_off()
[1;32m    125[0m plt[38;5;241m.[39mdraw_if_interactive()

File [0;32m~/miniforge3/envs/advnetsci/lib/python3.11/site-packages/networkx/drawing/nx_pylab.py:311[0m, in [0;36mdraw_networkx[0;34m(G, pos, arrows, with_labels, **kwds)[0m
[1;32m    308[0m [38;5;28;01mif[39;00m pos [38;5;129;01mis[39;00m [38;5;28;01mNone[39;00m:
[1;32m    309[0m     pos [38;5;241m=[39m nx[38;5;241m.[39mdrawing[38;5;241m.[39mspring_layout(G)  [38;5;66;03m# default to spring layout[39;00m
[0;32m--> 311[0m draw_networkx_nodes(G, pos, [38;5;241m*[39m[38;5;241m*[39mnode_kwds)
[1;32m    312[0m draw_networkx_edges(G, pos, arrows[38;5;241m=[39marrows, [38;5;241m*[39m[38;5;241m*[39medge_kwds)
[1;32m    313[0m [38;5;28;01mif[39;00m with_labels:

File [0;32m~/miniforge3/envs/advnetsci/lib/python3.11/site-packages/networkx/drawing/nx_pylab.py:450[0m, in [0;36mdraw_networkx_nodes[0;34m(G, pos, nodelist, node_size, node_color, node_shape, alpha, cmap, vmin, vmax, ax, linewidths, edgecolors, label, margins, hide_ticks)[0m
[1;32m    447[0m     node_color [38;5;241m=[39m apply_alpha(node_color, alpha, nodelist, cmap, vmin, vmax)
[1;32m    448[0m     alpha [38;5;241m=[39m [38;5;28;01mNone[39;00m
[0;32m--> 450[0m node_collection [38;5;241m=[39m ax[38;5;241m.[39mscatter(
[1;32m    451[0m     xy[:, [38;5;241m0[39m],
[1;32m    452[0m     xy[:, [38;5;241m1[39m],
[1;32m    453[0m     s[38;5;241m=[39mnode_size,
[1;32m    454[0m     c[38;5;241m=[39mnode_color,
[1;32m    455[0m     marker[38;5;241m=[39mnode_shape,
[1;32m    456[0m     cmap[38;5;241m=[39mcmap,
[1;32m    457[0m     vmin[38;5;241m=[39mvmin,
[1;32m    458[0m     vmax[38;5;241m=[39mvmax,
[1;32m    459[0m     alpha[38;5;241m=[39malpha,
[1;32m    460[0m     linewidths[38;5;241m=[39mlinewidths,
[1;32m    461[0m     edgecolors[38;5;241m=[39medgecolors,
[1;32m    462[0m     label[38;5;241m=[39mlabel,
[1;32m    463[0m )
[1;32m    464[0m [38;5;28;01mif[39;00m hide_ticks:
[1;32m    465[0m     ax[38;5;241m.[39mtick_params(
[1;32m    466[0m         axis[38;5;241m=[39m[38;5;124m"[39m[38;5;124mboth[39m[38;5;124m"[39m,
[1;32m    467[0m         which[38;5;241m=[39m[38;5;124m"[39m[38;5;124mboth[39m[38;5;124m"[39m,
[0;32m   (...)[0m
[1;32m    471[0m         labelleft[38;5;241m=[39m[38;5;28;01mFalse[39;00m,
[1;32m    472[0m     )

File [0;32m~/miniforge3/envs/advnetsci/lib/python3.11/site-packages/matplotlib/__init__.py:1465[0m, in [0;36m_preprocess_data.<locals>.inner[0;34m(ax, data, *args, **kwargs)[0m
[1;32m   1462[0m [38;5;129m@functools[39m[38;5;241m.[39mwraps(func)
[1;32m   1463[0m [38;5;28;01mdef[39;00m [38;5;21minner[39m(ax, [38;5;241m*[39margs, data[38;5;241m=[39m[38;5;28;01mNone[39;00m, [38;5;241m*[39m[38;5;241m*[39mkwargs):
[1;32m   1464[0m     [38;5;28;01mif[39;00m data [38;5;129;01mis[39;00m [38;5;28;01mNone[39;00m:
[0;32m-> 1465[0m         [38;5;28;01mreturn[39;00m func(ax, [38;5;241m*[39m[38;5;28mmap[39m(sanitize_sequence, args), [38;5;241m*[39m[38;5;241m*[39mkwargs)
[1;32m   1467[0m     bound [38;5;241m=[39m new_sig[38;5;241m.[39mbind(ax, [38;5;241m*[39margs, [38;5;241m*[39m[38;5;241m*[39mkwargs)
[1;32m   1468[0m     auto_label [38;5;241m=[39m (bound[38;5;241m.[39marguments[38;5;241m.[39mget(label_namer)
[1;32m   1469[0m                   [38;5;129;01mor[39;00m bound[38;5;241m.[39mkwargs[38;5;241m.[39mget(label_namer))

File [0;32m~/miniforge3/envs/advnetsci/lib/python3.11/site-packages/matplotlib/axes/_axes.py:4756[0m, in [0;36mAxes.scatter[0;34m(self, x, y, s, c, marker, cmap, norm, vmin, vmax, alpha, linewidths, edgecolors, plotnonfinite, **kwargs)[0m
[1;32m   4754[0m [38;5;28;01mif[39;00m colors [38;5;129;01mis[39;00m [38;5;28;01mNone[39;00m:
[1;32m   4755[0m     collection[38;5;241m.[39mset_array(c)
[0;32m-> 4756[0m     collection[38;5;241m.[39mset_cmap(cmap)
[1;32m   4757[0m     collection[38;5;241m.[39mset_norm(norm)
[1;32m   4758[0m     collection[38;5;241m.[39m_scale_norm(norm, vmin, vmax)

File [0;32m~/miniforge3/envs/advnetsci/lib/python3.11/site-packages/matplotlib/cm.py:605[0m, in [0;36mScalarMappable.set_cmap[0;34m(self, cmap)[0m
[1;32m    596[0m [38;5;250m[39m[38;5;124;03m"""[39;00m
[1;32m    597[0m [38;5;124;03mSet the colormap for luminance data.[39;00m
[1;32m    598[0m 
[0;32m   (...)[0m
[1;32m    601[0m [38;5;124;03mcmap : `.Colormap` or str or None[39;00m
[1;32m    602[0m [38;5;124;03m"""[39;00m
[1;32m    603[0m in_init [38;5;241m=[39m [38;5;28mself[39m[38;5;241m.[39mcmap [38;5;129;01mis[39;00m [38;5;28;01mNone[39;00m
[0;32m--> 605[0m [38;5;28mself[39m[38;5;241m.[39mcmap [38;5;241m=[39m _ensure_cmap(cmap)
[1;32m    606[0m [38;5;28;01mif[39;00m [38;5;129;01mnot[39;00m in_init:
[1;32m    607[0m     [38;5;28mself[39m[38;5;241m.[39mchanged()

File [0;32m~/miniforge3/envs/advnetsci/lib/python3.11/site-packages/matplotlib/cm.py:743[0m, in [0;36m_ensure_cmap[0;34m(cmap)[0m
[1;32m    740[0m cmap_name [38;5;241m=[39m cmap [38;5;28;01mif[39;00m cmap [38;5;129;01mis[39;00m [38;5;129;01mnot[39;00m [38;5;28;01mNone[39;00m [38;5;28;01melse[39;00m mpl[38;5;241m.[39mrcParams[[38;5;124m"[39m[38;5;124mimage.cmap[39m[38;5;124m"[39m]
[1;32m    741[0m [38;5;66;03m# use check_in_list to ensure type stability of the exception raised by[39;00m
[1;32m    742[0m [38;5;66;03m# the internal usage of this (ValueError vs KeyError)[39;00m
[0;32m--> 743[0m [38;5;28;01mif[39;00m cmap_name [38;5;129;01mnot[39;00m [38;5;129;01min[39;00m _colormaps:
[1;32m    744[0m     _api[38;5;241m.[39mcheck_in_list([38;5;28msorted[39m(_colormaps), cmap[38;5;241m=[39mcmap_name)
[1;32m    745[0m [38;5;28;01mreturn[39;00m mpl[38;5;241m.[39mcolormaps[cmap_name]

File [0;32m<frozen _collections_abc>:780[0m, in [0;36m__contains__[0;34m(self, key)[0m

File [0;32m~/miniforge3/envs/advnetsci/lib/python3.11/site-packages/matplotlib/cm.py:91[0m, in [0;36mColormapRegistry.__getitem__[0;34m(self, item)[0m
[1;32m     89[0m [38;5;28;01mdef[39;00m [38;5;21m__getitem__[39m([38;5;28mself[39m, item):
[1;32m     90[0m     [38;5;28;01mtry[39;00m:
[0;32m---> 91[0m         [38;5;28;01mreturn[39;00m [38;5;28mself[39m[38;5;241m.[39m_cmaps[item][38;5;241m.[39mcopy()
[1;32m     92[0m     [38;5;28;01mexcept[39;00m [38;5;167;01mKeyError[39;00m:
[1;32m     93[0m         [38;5;28;01mraise[39;00m [38;5;167;01mKeyError[39;00m([38;5;124mf[39m[38;5;124m"[39m[38;5;132;01m{[39;00mitem[38;5;132;01m!r}[39;00m[38;5;124m is not a known colormap name[39m[38;5;124m"[39m) [38;5;28;01mfrom[39;00m [38;5;28;01mNone[39;00m

[0;31mTypeError[0m: unhashable type: '_ColorPalette'

