Traceback (most recent call last):
  File "/Users/skojaku-admin/miniforge3/envs/advnetsci/lib/python3.11/site-packages/jupyter_cache/executors/utils.py", line 58, in single_nb_execution
    executenb(
  File "/Users/skojaku-admin/miniforge3/envs/advnetsci/lib/python3.11/site-packages/nbclient/client.py", line 1305, in execute
    return NotebookClient(nb=nb, resources=resources, km=km, **kwargs).execute()
           ^^^^^^^^^^^^^^^^^^^^^^^^^^^^^^^^^^^^^^^^^^^^^^^^^^^^^^^^^^^^^^^^^^^^^
  File "/Users/skojaku-admin/miniforge3/envs/advnetsci/lib/python3.11/site-packages/jupyter_core/utils/__init__.py", line 165, in wrapped
    return loop.run_until_complete(inner)
           ^^^^^^^^^^^^^^^^^^^^^^^^^^^^^^
  File "/Users/skojaku-admin/miniforge3/envs/advnetsci/lib/python3.11/asyncio/base_events.py", line 650, in run_until_complete
    return future.result()
           ^^^^^^^^^^^^^^^
  File "/Users/skojaku-admin/miniforge3/envs/advnetsci/lib/python3.11/contextlib.py", line 222, in __aexit__
    await self.gen.athrow(typ, value, traceback)
  File "/Users/skojaku-admin/miniforge3/envs/advnetsci/lib/python3.11/site-packages/nbclient/client.py", line 650, in async_setup_kernel
    yield
  File "/Users/skojaku-admin/miniforge3/envs/advnetsci/lib/python3.11/site-packages/nbclient/client.py", line 705, in async_execute
    await self.async_execute_cell(
  File "/Users/skojaku-admin/miniforge3/envs/advnetsci/lib/python3.11/site-packages/nbclient/client.py", line 1058, in async_execute_cell
    await self._check_raise_for_error(cell, cell_index, exec_reply)
  File "/Users/skojaku-admin/miniforge3/envs/advnetsci/lib/python3.11/site-packages/nbclient/client.py", line 914, in _check_raise_for_error
    raise CellExecutionError.from_cell_and_msg(cell, exec_reply_content)
nbclient.exceptions.CellExecutionError: An error occurred while executing the following cell:
------------------
from scipy import sparse # We will use sparse module in scipy

edge_list = [(0, 1), (1, 2), (0, 2), (0, 3)]

src = [src for src, dst in edge_list]
trg = [dst for src, dst in edge_list]
weight = [1 for src, dst in edge_list]

A = sparse.csr_matrix((weight, (src, trg)))
A = A + A.T # Make the adjacency matrix symmetric
A
------------------


[0;31m---------------------------------------------------------------------------[0m
[0;31mValueError[0m                                Traceback (most recent call last)
Cell [0;32mIn[13], line 10[0m
[1;32m      7[0m weight [38;5;241m=[39m [[38;5;241m1[39m [38;5;28;01mfor[39;00m src, dst [38;5;129;01min[39;00m edge_list]
[1;32m      9[0m A [38;5;241m=[39m sparse[38;5;241m.[39mcsr_matrix((weight, (src, trg)))
[0;32m---> 10[0m A [38;5;241m=[39m A [38;5;241m+[39m A[38;5;241m.[39mT [38;5;66;03m# Make the adjacency matrix symmetric[39;00m
[1;32m     11[0m A

File [0;32m~/miniforge3/envs/advnetsci/lib/python3.11/site-packages/scipy/sparse/_base.py:529[0m, in [0;36m_spbase.__add__[0;34m(self, other)[0m
[1;32m    527[0m [38;5;28;01melif[39;00m issparse(other):
[1;32m    528[0m     [38;5;28;01mif[39;00m other[38;5;241m.[39mshape [38;5;241m!=[39m [38;5;28mself[39m[38;5;241m.[39mshape:
[0;32m--> 529[0m         [38;5;28;01mraise[39;00m [38;5;167;01mValueError[39;00m([38;5;124m"[39m[38;5;124minconsistent shapes[39m[38;5;124m"[39m)
[1;32m    530[0m     [38;5;28;01mreturn[39;00m [38;5;28mself[39m[38;5;241m.[39m_add_sparse(other)
[1;32m    531[0m [38;5;28;01melif[39;00m isdense(other):

[0;31mValueError[0m: inconsistent shapes

