Traceback (most recent call last):
  File "/Users/skojaku-admin/miniforge3/envs/advnetsci/lib/python3.11/site-packages/jupyter_cache/executors/utils.py", line 58, in single_nb_execution
    executenb(
  File "/Users/skojaku-admin/miniforge3/envs/advnetsci/lib/python3.11/site-packages/nbclient/client.py", line 1305, in execute
    return NotebookClient(nb=nb, resources=resources, km=km, **kwargs).execute()
           ^^^^^^^^^^^^^^^^^^^^^^^^^^^^^^^^^^^^^^^^^^^^^^^^^^^^^^^^^^^^^^^^^^^^^
  File "/Users/skojaku-admin/miniforge3/envs/advnetsci/lib/python3.11/site-packages/jupyter_core/utils/__init__.py", line 165, in wrapped
    return loop.run_until_complete(inner)
           ^^^^^^^^^^^^^^^^^^^^^^^^^^^^^^
  File "/Users/skojaku-admin/miniforge3/envs/advnetsci/lib/python3.11/asyncio/base_events.py", line 650, in run_until_complete
    return future.result()
           ^^^^^^^^^^^^^^^
  File "/Users/skojaku-admin/miniforge3/envs/advnetsci/lib/python3.11/contextlib.py", line 222, in __aexit__
    await self.gen.athrow(typ, value, traceback)
  File "/Users/skojaku-admin/miniforge3/envs/advnetsci/lib/python3.11/site-packages/nbclient/client.py", line 650, in async_setup_kernel
    yield
  File "/Users/skojaku-admin/miniforge3/envs/advnetsci/lib/python3.11/site-packages/nbclient/client.py", line 705, in async_execute
    await self.async_execute_cell(
  File "/Users/skojaku-admin/miniforge3/envs/advnetsci/lib/python3.11/site-packages/nbclient/client.py", line 1058, in async_execute_cell
    await self._check_raise_for_error(cell, cell_index, exec_reply)
  File "/Users/skojaku-admin/miniforge3/envs/advnetsci/lib/python3.11/site-packages/nbclient/client.py", line 914, in _check_raise_for_error
    raise CellExecutionError.from_cell_and_msg(cell, exec_reply_content)
nbclient.exceptions.CellExecutionError: An error occurred while executing the following cell:
------------------
# Compute the spectral decomposition
eigvals, eigvecs = np.linalg.eig(A)

# Find the top d eigenvectors
d = 2
sorted_indices = np.argsort(eigvals)[::-1][:d]
eigvals = eigvals[sorted_indices]
eigvecs = eigvecs[:, sorted_indices]

# Plot the results
import seaborn as sns
fig, ax = plt.subplots(figsize=(7, 5))
sns.scatterplot(x = eigvecs[:, 0], y = eigvecs[:, 1], hue=labels, ax=ax)
ax.set_title('Spectral Embedding')
ax.set_xlabel('Eigenvector 1')
ax.set_ylabel('Eigenvector 2')
plt.show()
------------------


[0;31m---------------------------------------------------------------------------[0m
[0;31mLinAlgError[0m                               Traceback (most recent call last)
Cell [0;32mIn[15], line 2[0m
[1;32m      1[0m [38;5;66;03m# Compute the spectral decomposition[39;00m
[0;32m----> 2[0m eigvals, eigvecs [38;5;241m=[39m np[38;5;241m.[39mlinalg[38;5;241m.[39meig(A)
[1;32m      4[0m [38;5;66;03m# Find the top d eigenvectors[39;00m
[1;32m      5[0m d [38;5;241m=[39m [38;5;241m2[39m

File [0;32m<__array_function__ internals>:180[0m, in [0;36meig[0;34m(*args, **kwargs)[0m

File [0;32m~/miniforge3/envs/advnetsci/lib/python3.11/site-packages/numpy/linalg/linalg.py:1310[0m, in [0;36meig[0;34m(a)[0m
[1;32m   1184[0m [38;5;250m[39m[38;5;124;03m"""[39;00m
[1;32m   1185[0m [38;5;124;03mCompute the eigenvalues and right eigenvectors of a square array.[39;00m
[1;32m   1186[0m 
[0;32m   (...)[0m
[1;32m   1307[0m 
[1;32m   1308[0m [38;5;124;03m"""[39;00m
[1;32m   1309[0m a, wrap [38;5;241m=[39m _makearray(a)
[0;32m-> 1310[0m _assert_stacked_2d(a)
[1;32m   1311[0m _assert_stacked_square(a)
[1;32m   1312[0m _assert_finite(a)

File [0;32m~/miniforge3/envs/advnetsci/lib/python3.11/site-packages/numpy/linalg/linalg.py:197[0m, in [0;36m_assert_stacked_2d[0;34m(*arrays)[0m
[1;32m    195[0m [38;5;28;01mfor[39;00m a [38;5;129;01min[39;00m arrays:
[1;32m    196[0m     [38;5;28;01mif[39;00m a[38;5;241m.[39mndim [38;5;241m<[39m [38;5;241m2[39m:
[0;32m--> 197[0m         [38;5;28;01mraise[39;00m LinAlgError([38;5;124m'[39m[38;5;132;01m%d[39;00m[38;5;124m-dimensional array given. Array must be [39m[38;5;124m'[39m
[1;32m    198[0m                 [38;5;124m'[39m[38;5;124mat least two-dimensional[39m[38;5;124m'[39m [38;5;241m%[39m a[38;5;241m.[39mndim)

[0;31mLinAlgError[0m: 0-dimensional array given. Array must be at least two-dimensional

